SF:lib/overview/bloc/overview_bloc.dart
DA:13,1
DA:16,1
DA:17,2
DA:41,1
DA:45,3
DA:50,1
DA:51,1
DA:52,1
DA:53,3
DA:55,1
DA:56,1
DA:57,3
DA:59,1
DA:60,1
DA:61,3
DA:66,1
DA:72,3
DA:73,1
DA:74,2
DA:77,3
DA:78,1
DA:79,2
DA:82,3
DA:83,1
DA:85,1
DA:86,2
DA:94,1
DA:95,1
DA:96,2
LF:29
LH:29
end_of_record
SF:lib/overview/bloc/overview_event.dart
DA:4,1
DA:6,0
DA:7,0
DA:11,1
LF:4
LH:2
end_of_record
SF:lib/overview/bloc/overview_state.dart
DA:6,1
DA:20,1
DA:27,1
DA:28,0
DA:29,1
DA:30,1
DA:31,1
DA:32,1
DA:36,1
DA:37,1
DA:38,1
DA:39,1
DA:40,1
DA:41,1
DA:42,1
LF:15
LH:14
end_of_record
SF:lib/shared/services/analytics_service.dart
DA:18,1
DA:43,1
DA:47,2
DA:48,2
DA:51,2
DA:52,2
DA:55,6
DA:58,2
DA:61,2
DA:62,2
DA:66,2
DA:71,2
DA:78,1
DA:82,2
DA:83,0
DA:86,2
DA:87,0
DA:90,6
DA:93,2
DA:96,2
DA:97,2
DA:101,2
DA:106,2
DA:113,1
DA:117,2
DA:118,0
DA:121,2
DA:122,0
DA:125,1
DA:126,3
DA:127,1
DA:128,1
DA:129,2
DA:132,2
DA:133,2
DA:138,2
DA:143,2
DA:148,1
DA:149,2
DA:150,2
DA:151,2
LF:41
LH:37
end_of_record
SF:lib/l10n/app_localizations.dart
DA:65,1
DA:66,2
DA:70,1
DA:71,1
DA:5972,1
DA:5974,1
DA:5976,2
DA:5979,1
DA:5981,3
DA:5983,0
DA:5987,1
DA:5989,1
DA:5990,1
DA:5991,0
DA:5992,1
DA:5993,1
DA:5996,0
LF:17
LH:14
end_of_record
SF:lib/overview/view/overview_page.dart
DA:22,0
DA:24,0
DA:26,0
DA:28,0
DA:29,0
DA:30,0
DA:31,0
DA:32,0
DA:33,0
DA:34,0
DA:43,1
DA:45,1
DA:47,1
DA:49,1
DA:50,1
DA:51,1
DA:52,1
DA:53,1
DA:54,1
DA:56,1
DA:57,1
DA:60,1
DA:61,1
DA:62,3
DA:63,0
DA:68,1
DA:71,1
DA:72,1
DA:73,1
DA:74,1
DA:75,2
DA:77,1
DA:78,2
DA:80,0
DA:81,0
DA:83,0
DA:84,0
DA:90,1
DA:92,1
DA:93,1
DA:97,1
DA:99,1
DA:100,1
DA:101,1
DA:102,1
DA:116,1
DA:118,1
DA:119,1
DA:121,1
DA:122,1
DA:123,1
DA:124,1
DA:125,2
DA:126,3
DA:130,1
DA:131,1
DA:132,2
DA:133,3
DA:137,1
DA:138,1
DA:139,2
DA:140,3
DA:147,1
DA:148,1
DA:149,1
DA:150,1
DA:152,1
DA:153,2
DA:154,3
DA:159,1
DA:160,1
DA:162,1
DA:163,2
DA:164,3
DA:171,1
DA:172,1
DA:173,1
DA:174,1
DA:176,1
DA:177,2
DA:178,3
DA:183,1
DA:184,1
DA:186,1
DA:187,2
DA:188,3
DA:195,1
DA:197,1
DA:198,1
DA:199,1
DA:200,1
DA:201,2
DA:202,3
DA:206,1
DA:207,1
DA:208,2
DA:209,3
DA:220,0
DA:221,0
DA:222,0
DA:224,0
DA:225,0
DA:226,0
DA:230,0
DA:232,0
DA:233,0
DA:234,0
DA:238,0
DA:240,0
DA:241,0
DA:242,0
DA:246,0
DA:248,0
DA:249,0
DA:250,0
DA:254,0
DA:256,0
DA:257,0
DA:258,0
DA:262,0
DA:264,0
DA:265,0
DA:266,0
DA:270,0
DA:272,0
DA:273,0
DA:274,0
DA:278,0
DA:280,0
DA:281,0
DA:282,0
DA:286,0
DA:288,0
DA:289,0
DA:290,0
LF:135
LH:82
end_of_record
SF:lib/shared/widgets/analytics/analytics_card_slot.dart
DA:17,1
DA:21,3
DA:30,1
DA:31,1
DA:38,0
DA:39,0
DA:40,0
DA:44,1
DA:46,4
DA:49,2
DA:51,5
DA:52,4
DA:53,1
DA:60,1
DA:64,1
DA:69,3
DA:71,1
DA:72,1
DA:74,1
DA:76,1
DA:78,1
DA:79,1
DA:81,1
DA:83,1
DA:85,1
DA:86,1
DA:88,1
DA:90,1
DA:98,1
DA:99,2
DA:101,1
DA:102,1
DA:103,1
DA:104,1
DA:105,1
DA:106,2
DA:110,0
DA:111,0
DA:112,0
DA:113,0
DA:114,0
DA:115,0
DA:119,0
DA:120,0
DA:121,0
DA:122,0
DA:123,0
DA:124,0
LF:48
LH:33
end_of_record
SF:lib/rewards_management/bloc/rewards_filter/rewards_filter_bloc.dart
DA:16,0
DA:17,0
DA:18,0
DA:19,0
DA:23,0
DA:27,0
DA:31,0
DA:35,0
DA:39,0
DA:43,0
DA:44,0
DA:45,0
DA:46,0
LF:13
LH:0
end_of_record
SF:lib/rewards_management/bloc/rewards_filter/rewards_filter_event.dart
DA:5,1
DA:7,0
DA:8,0
DA:13,0
DA:17,0
DA:18,0
DA:23,1
DA:29,1
DA:37,1
DA:38,3
LF:10
LH:5
end_of_record
SF:lib/rewards_management/bloc/rewards_filter/rewards_filter_state.dart
DA:11,1
DA:23,0
DA:27,0
DA:28,0
DA:29,0
DA:33,0
DA:34,0
LF:7
LH:1
end_of_record
SF:lib/rewards_management/bloc/rewards_management_event.dart
DA:5,1
DA:7,0
DA:8,0
DA:13,1
DA:32,0
DA:33,0
LF:6
LH:2
end_of_record
SF:lib/rewards_management/bloc/rewards_management_bloc.dart
DA:24,1
DA:30,1
DA:31,1
DA:32,2
DA:35,5
DA:36,1
DA:37,1
DA:40,3
DA:46,3
DA:47,3
DA:48,2
DA:49,1
DA:50,1
DA:53,3
DA:66,1
DA:68,2
DA:69,2
DA:70,1
DA:74,1
DA:75,1
DA:77,2
DA:78,3
DA:81,2
DA:82,2
DA:85,4
DA:93,1
DA:97,3
DA:98,3
DA:99,1
DA:100,1
DA:101,0
DA:104,4
DA:106,3
DA:108,1
DA:109,3
DA:111,2
DA:112,4
DA:114,1
DA:115,1
DA:116,1
DA:117,1
DA:120,1
DA:121,2
DA:123,2
DA:124,1
DA:125,1
DA:128,1
DA:129,2
DA:131,1
DA:132,2
DA:138,0
DA:140,0
DA:141,0
LF:53
LH:49
end_of_record
SF:lib/rewards_management/bloc/rewards_management_state.dart
DA:26,1
DA:50,1
DA:57,1
DA:58,0
DA:59,1
DA:60,1
DA:61,1
DA:62,1
DA:66,1
DA:67,6
LF:10
LH:9
end_of_record
SF:lib/rewards_management/enums/reward_type_filter.dart
DA:17,1
DA:18,1
DA:20,1
DA:21,1
DA:22,1
DA:23,1
DA:24,1
DA:25,1
DA:30,1
DA:32,1
DA:34,1
DA:36,0
LF:12
LH:11
end_of_record
SF:lib/rewards_management/view/rewards_management_page.dart
DA:20,1
DA:22,1
DA:24,1
DA:26,1
DA:27,1
DA:28,2
DA:29,1
DA:31,1
DA:32,1
DA:33,1
DA:35,1
DA:36,1
DA:37,1
DA:39,1
DA:47,1
DA:49,1
DA:50,1
DA:51,1
DA:53,1
DA:54,1
DA:55,2
DA:56,2
DA:57,1
DA:58,1
DA:59,0
DA:60,2
LF:26
LH:25
end_of_record
SF:lib/rewards_management/view/rewards_page.dart
DA:24,1
DA:26,1
DA:27,1
DA:31,1
DA:33,1
DA:35,3
DA:36,1
DA:38,3
DA:39,3
DA:46,1
DA:47,2
DA:48,2
DA:51,1
DA:53,1
DA:54,1
DA:56,1
DA:57,1
DA:58,2
DA:59,1
DA:62,2
DA:63,2
DA:64,1
DA:66,1
DA:67,1
DA:72,2
DA:73,1
DA:75,1
DA:76,0
DA:77,0
DA:81,0
DA:82,0
DA:83,0
DA:91,2
DA:94,1
DA:95,1
DA:97,1
DA:98,1
DA:99,1
DA:100,3
DA:104,1
DA:105,0
DA:106,0
DA:110,2
DA:117,3
DA:121,1
DA:122,1
DA:137,2
DA:138,0
DA:139,0
DA:140,1
DA:141,1
DA:142,1
DA:143,2
DA:144,1
DA:145,1
DA:146,1
DA:147,2
DA:150,1
DA:151,2
DA:155,1
DA:156,2
DA:159,1
DA:160,2
DA:164,1
DA:166,1
DA:167,1
DA:175,0
DA:178,0
DA:179,0
DA:180,0
DA:181,0
DA:182,0
DA:183,0
DA:184,0
DA:187,0
DA:188,0
DA:189,0
DA:195,3
DA:217,1
DA:231,1
DA:233,3
DA:236,2
DA:237,2
DA:238,1
DA:239,1
DA:243,1
DA:245,0
DA:246,0
DA:249,1
DA:250,1
DA:251,1
DA:252,2
DA:254,1
DA:255,1
DA:258,1
DA:259,0
DA:260,0
DA:261,0
DA:262,0
DA:263,0
DA:267,1
DA:270,1
DA:271,1
DA:272,1
DA:274,0
DA:278,1
DA:279,1
DA:281,1
DA:288,0
DA:290,0
DA:291,0
DA:292,0
DA:293,0
DA:297,0
DA:299,0
DA:301,0
DA:306,1
DA:307,1
DA:309,1
DA:310,2
DA:312,1
LF:121
LH:85
end_of_record
SF:lib/rewards_management/widgets/reward_action_buttons.dart
DA:14,1
DA:26,1
DA:28,1
DA:32,2
DA:33,1
DA:34,4
DA:35,2
DA:36,1
DA:37,1
DA:38,4
LF:10
LH:10
end_of_record
SF:lib/rewards_management/widgets/rewards_filter_dialog/bloc/rewards_filter_dialog_event.dart
DA:5,1
DA:7,0
DA:8,0
DA:13,1
DA:17,0
DA:18,0
DA:24,1
DA:28,0
DA:29,0
DA:35,1
DA:39,0
DA:40,0
DA:45,1
LF:13
LH:5
end_of_record
SF:lib/rewards_management/widgets/rewards_filter_dialog/bloc/rewards_filter_dialog_bloc.dart
DA:20,2
DA:21,2
DA:22,2
DA:23,2
DA:24,2
DA:28,1
DA:32,1
DA:33,2
DA:34,2
DA:35,2
DA:41,1
DA:45,4
DA:49,1
DA:53,4
DA:57,1
DA:61,1
LF:16
LH:16
end_of_record
SF:lib/rewards_management/widgets/rewards_filter_dialog/bloc/rewards_filter_dialog_state.dart
DA:11,1
DA:23,1
DA:27,1
DA:28,1
DA:29,1
DA:33,1
DA:34,3
LF:7
LH:7
end_of_record
SF:lib/rewards_management/widgets/rewards_filter_dialog/rewards_filter_dialog.dart
DA:19,1
DA:21,1
DA:22,1
DA:28,1
DA:30,1
DA:31,2
DA:34,1
DA:36,2
DA:37,1
DA:41,1
DA:42,3
DA:43,1
DA:44,1
DA:45,1
DA:50,1
DA:52,1
DA:54,1
DA:55,1
DA:57,4
DA:58,3
DA:59,3
DA:60,4
DA:64,1
DA:65,1
DA:66,2
DA:67,1
DA:69,3
DA:71,1
DA:72,1
DA:74,1
DA:75,1
DA:77,2
DA:80,2
DA:83,1
DA:85,1
DA:86,1
DA:88,1
DA:89,2
DA:94,1
DA:96,1
DA:97,1
DA:99,1
DA:101,1
DA:102,1
DA:103,1
DA:104,1
DA:105,1
DA:109,0
DA:110,0
DA:111,0
DA:118,1
DA:119,1
DA:120,1
DA:122,0
DA:123,0
DA:124,0
DA:126,2
DA:139,1
DA:153,1
DA:155,2
DA:157,1
DA:159,1
DA:160,3
DA:162,1
DA:165,3
DA:166,2
DA:167,1
DA:168,3
DA:170,0
DA:171,0
DA:174,1
LF:71
LH:63
end_of_record
SF:lib/shared/widgets/analytics/kpi_card.dart
DA:14,1
DA:34,1
DA:35,1
DA:41,1
DA:43,1
DA:44,1
DA:45,5
DA:47,1
DA:48,4
DA:49,2
DA:50,2
DA:51,2
DA:53,1
DA:54,0
DA:55,2
DA:57,3
DA:58,0
DA:59,0
DA:62,0
DA:63,0
DA:64,0
DA:65,0
DA:67,0
DA:71,0
DA:72,0
DA:73,0
DA:82,1
DA:84,1
DA:85,1
DA:86,0
DA:87,0
DA:88,0
DA:89,0
DA:90,0
DA:91,0
DA:92,0
DA:93,0
DA:94,0
DA:95,0
DA:96,0
DA:97,0
DA:98,0
DA:99,0
DA:100,0
DA:101,0
DA:102,0
DA:103,0
DA:104,0
DA:105,0
DA:106,0
DA:107,0
DA:108,0
DA:109,0
DA:110,0
DA:111,0
DA:112,0
DA:113,0
DA:114,0
DA:115,0
DA:116,0
DA:117,0
DA:118,0
DA:119,0
DA:120,0
DA:121,0
DA:122,0
DA:123,0
DA:124,0
DA:125,0
DA:126,0
DA:127,0
DA:128,0
DA:129,0
DA:130,0
DA:131,0
DA:136,1
DA:138,1
DA:139,1
DA:140,1
DA:141,1
DA:142,1
DA:143,1
DA:144,1
DA:145,1
DA:150,0
DA:160,0
DA:162,0
DA:163,0
DA:164,0
DA:167,0
DA:168,0
DA:169,0
DA:171,0
DA:172,0
DA:173,0
DA:175,0
DA:177,0
DA:178,0
DA:180,0
DA:181,0
DA:182,0
DA:193,0
DA:195,0
DA:196,0
DA:197,0
DA:198,0
DA:199,0
DA:200,0
DA:201,0
DA:202,0
LF:110
LH:27
end_of_record
SF:lib/l10n/l10n.dart
DA:5,2
LF:1
LH:1
end_of_record
SF:lib/shared/constants/app_constants.dart
DA:43,0
DA:45,0
DA:54,0
LF:3
LH:0
end_of_record
SF:lib/shared/widgets/analytics/analytics_dashboard_strip.dart
DA:30,1
DA:42,1
DA:44,1
DA:50,1
DA:52,1
DA:53,1
DA:56,1
DA:57,2
DA:59,1
DA:60,3
DA:61,1
DA:62,2
DA:64,3
DA:65,1
DA:66,2
DA:71,2
DA:76,1
DA:78,1
DA:84,1
DA:85,1
DA:86,1
DA:89,2
DA:97,1
DA:102,1
DA:103,1
DA:106,2
DA:107,3
DA:108,3
DA:119,0
DA:120,0
DA:122,0
DA:123,0
DA:125,0
DA:126,0
DA:128,0
DA:130,0
DA:131,0
DA:135,0
DA:136,0
DA:142,0
DA:144,0
DA:145,0
DA:146,0
DA:151,0
DA:157,0
LF:45
LH:28
end_of_record
SF:lib/shared/utils/future_utils.dart
DA:16,1
DA:21,1
DA:22,3
DA:25,3
DA:26,0
DA:27,1
DA:28,5
DA:31,1
DA:32,1
DA:35,2
DA:37,1
LF:11
LH:10
end_of_record
SF:lib/l10n/app_localizations_ar.dart
DA:9,0
DA:11,0
DA:14,0
DA:18,0
DA:22,0
DA:25,0
DA:28,0
DA:32,0
DA:35,0
DA:38,0
DA:42,0
DA:45,0
DA:47,0
DA:50,0
DA:53,0
DA:55,0
DA:58,0
DA:62,0
DA:64,0
DA:67,0
DA:70,0
DA:73,0
DA:76,0
DA:79,0
DA:82,0
DA:85,0
DA:89,0
DA:92,0
DA:95,0
DA:98,0
DA:101,0
DA:104,0
DA:107,0
DA:110,0
DA:114,0
DA:117,0
DA:120,0
DA:123,0
DA:126,0
DA:129,0
DA:132,0
DA:136,0
DA:139,0
DA:143,0
DA:146,0
DA:150,0
DA:153,0
DA:157,0
DA:160,0
DA:164,0
DA:167,0
DA:171,0
DA:174,0
DA:178,0
DA:180,0
DA:183,0
DA:186,0
DA:189,0
DA:193,0
DA:196,0
DA:200,0
DA:203,0
DA:206,0
DA:209,0
DA:213,0
DA:216,0
DA:219,0
DA:222,0
DA:225,0
DA:228,0
DA:231,0
DA:235,0
DA:238,0
DA:242,0
DA:246,0
DA:250,0
DA:254,0
DA:258,0
DA:262,0
DA:266,0
DA:270,0
DA:274,0
DA:277,0
DA:280,0
DA:284,0
DA:287,0
DA:291,0
DA:295,0
DA:299,0
DA:302,0
DA:306,0
DA:310,0
DA:314,0
DA:318,0
DA:322,0
DA:325,0
DA:329,0
DA:333,0
DA:337,0
DA:341,0
DA:345,0
DA:349,0
DA:352,0
DA:356,0
DA:359,0
DA:363,0
DA:366,0
DA:370,0
DA:373,0
DA:377,0
DA:381,0
DA:384,0
DA:388,0
DA:391,0
DA:395,0
DA:398,0
DA:402,0
DA:405,0
DA:408,0
DA:411,0
DA:414,0
DA:418,0
DA:422,0
DA:426,0
DA:430,0
DA:433,0
DA:436,0
DA:438,0
DA:441,0
DA:444,0
DA:448,0
DA:450,0
DA:453,0
DA:456,0
DA:460,0
DA:463,0
DA:466,0
DA:469,0
DA:472,0
DA:476,0
DA:479,0
DA:482,0
DA:485,0
DA:488,0
DA:492,0
DA:495,0
DA:498,0
DA:501,0
DA:504,0
DA:507,0
DA:510,0
DA:513,0
DA:516,0
DA:519,0
DA:522,0
DA:525,0
DA:528,0
DA:531,0
DA:534,0
DA:537,0
DA:540,0
DA:543,0
DA:546,0
DA:549,0
DA:552,0
DA:555,0
DA:559,0
DA:563,0
DA:566,0
DA:569,0
DA:572,0
DA:575,0
DA:578,0
DA:581,0
DA:584,0
DA:587,0
DA:590,0
DA:593,0
DA:596,0
DA:599,0
DA:602,0
DA:605,0
DA:608,0
DA:611,0
DA:614,0
DA:617,0
DA:620,0
DA:623,0
DA:626,0
DA:629,0
DA:632,0
DA:635,0
DA:639,0
DA:642,0
DA:645,0
DA:648,0
DA:651,0
DA:654,0
DA:657,0
DA:660,0
DA:663,0
DA:667,0
DA:670,0
DA:673,0
DA:676,0
DA:679,0
DA:682,0
DA:685,0
DA:688,0
DA:691,0
DA:694,0
DA:697,0
DA:700,0
DA:703,0
DA:706,0
DA:710,0
DA:713,0
DA:716,0
DA:719,0
DA:722,0
DA:725,0
DA:728,0
DA:731,0
DA:734,0
DA:737,0
DA:740,0
DA:743,0
DA:746,0
DA:749,0
DA:752,0
DA:755,0
DA:758,0
DA:762,0
DA:765,0
DA:768,0
DA:771,0
DA:774,0
DA:777,0
DA:780,0
DA:783,0
DA:786,0
DA:789,0
DA:792,0
DA:794,0
DA:797,0
DA:799,0
DA:802,0
DA:805,0
DA:808,0
DA:811,0
DA:815,0
DA:818,0
DA:822,0
DA:825,0
DA:828,0
DA:831,0
DA:834,0
DA:838,0
DA:841,0
DA:845,0
DA:848,0
DA:852,0
DA:855,0
DA:859,0
DA:862,0
DA:866,0
DA:870,0
DA:874,0
DA:877,0
DA:879,0
DA:882,0
DA:885,0
DA:888,0
DA:891,0
DA:894,0
DA:897,0
DA:900,0
DA:903,0
DA:906,0
DA:909,0
DA:912,0
DA:915,0
DA:918,0
DA:921,0
DA:924,0
DA:927,0
DA:930,0
DA:933,0
DA:936,0
DA:939,0
DA:942,0
DA:945,0
DA:948,0
DA:951,0
DA:954,0
DA:956,0
DA:959,0
DA:962,0
DA:965,0
DA:968,0
DA:972,0
DA:975,0
DA:978,0
DA:982,0
DA:985,0
DA:988,0
DA:991,0
DA:994,0
DA:997,0
DA:1000,0
DA:1003,0
DA:1006,0
DA:1009,0
DA:1012,0
DA:1015,0
DA:1018,0
DA:1021,0
DA:1024,0
DA:1027,0
DA:1029,0
DA:1032,0
DA:1035,0
DA:1038,0
DA:1042,0
DA:1045,0
DA:1049,0
DA:1052,0
DA:1055,0
DA:1058,0
DA:1062,0
DA:1065,0
DA:1069,0
DA:1072,0
DA:1075,0
DA:1079,0
DA:1083,0
DA:1086,0
DA:1090,0
DA:1093,0
DA:1097,0
DA:1100,0
DA:1103,0
DA:1106,0
DA:1110,0
DA:1113,0
DA:1117,0
DA:1120,0
DA:1124,0
DA:1128,0
DA:1132,0
DA:1134,0
DA:1137,0
DA:1140,0
DA:1143,0
DA:1147,0
DA:1151,0
DA:1154,0
DA:1157,0
DA:1161,0
DA:1165,0
DA:1169,0
DA:1173,0
DA:1176,0
DA:1179,0
DA:1182,0
DA:1185,0
DA:1188,0
DA:1191,0
DA:1194,0
DA:1197,0
DA:1200,0
DA:1203,0
DA:1206,0
DA:1210,0
DA:1213,0
DA:1216,0
DA:1219,0
DA:1222,0
DA:1225,0
DA:1228,0
DA:1231,0
DA:1235,0
DA:1238,0
DA:1241,0
DA:1244,0
DA:1247,0
DA:1250,0
DA:1253,0
DA:1256,0
DA:1259,0
DA:1262,0
DA:1265,0
DA:1268,0
DA:1271,0
DA:1274,0
DA:1277,0
DA:1280,0
DA:1282,0
DA:1285,0
DA:1288,0
DA:1291,0
DA:1293,0
DA:1296,0
DA:1299,0
DA:1302,0
DA:1304,0
DA:1307,0
DA:1310,0
DA:1313,0
DA:1316,0
DA:1319,0
DA:1322,0
DA:1325,0
DA:1328,0
DA:1331,0
DA:1334,0
DA:1337,0
DA:1340,0
DA:1343,0
DA:1346,0
DA:1349,0
DA:1352,0
DA:1355,0
DA:1358,0
DA:1362,0
DA:1365,0
DA:1368,0
DA:1371,0
DA:1374,0
DA:1378,0
DA:1381,0
DA:1384,0
DA:1387,0
DA:1390,0
DA:1393,0
DA:1396,0
DA:1399,0
DA:1402,0
DA:1405,0
DA:1408,0
DA:1411,0
DA:1414,0
DA:1417,0
DA:1420,0
DA:1423,0
DA:1426,0
DA:1429,0
DA:1432,0
DA:1435,0
DA:1438,0
DA:1441,0
DA:1445,0
DA:1448,0
DA:1452,0
DA:1455,0
DA:1459,0
DA:1462,0
DA:1466,0
DA:1469,0
DA:1473,0
DA:1477,0
DA:1481,0
DA:1485,0
DA:1488,0
DA:1492,0
DA:1496,0
DA:1499,0
DA:1503,0
DA:1506,0
DA:1510,0
DA:1513,0
DA:1516,0
DA:1519,0
DA:1522,0
DA:1525,0
DA:1528,0
DA:1531,0
DA:1535,0
DA:1538,0
DA:1542,0
DA:1545,0
DA:1549,0
DA:1552,0
DA:1556,0
DA:1559,0
DA:1562,0
DA:1565,0
DA:1568,0
DA:1571,0
DA:1574,0
DA:1578,0
DA:1581,0
DA:1585,0
DA:1588,0
DA:1592,0
DA:1595,0
DA:1599,0
DA:1602,0
DA:1606,0
DA:1609,0
DA:1612,0
DA:1615,0
DA:1619,0
DA:1623,0
DA:1627,0
DA:1631,0
DA:1635,0
DA:1638,0
DA:1641,0
DA:1644,0
DA:1647,0
DA:1650,0
DA:1653,0
DA:1656,0
DA:1660,0
DA:1663,0
DA:1666,0
DA:1670,0
DA:1673,0
DA:1676,0
DA:1679,0
DA:1683,0
DA:1687,0
DA:1691,0
DA:1695,0
DA:1698,0
DA:1702,0
DA:1706,0
DA:1710,0
DA:1713,0
DA:1716,0
DA:1720,0
DA:1723,0
DA:1727,0
DA:1730,0
DA:1734,0
DA:1737,0
DA:1740,0
DA:1743,0
DA:1747,0
DA:1750,0
DA:1754,0
DA:1757,0
DA:1761,0
DA:1764,0
DA:1768,0
DA:1771,0
DA:1774,0
DA:1777,0
DA:1781,0
DA:1784,0
DA:1787,0
DA:1790,0
DA:1793,0
DA:1797,0
DA:1800,0
DA:1804,0
DA:1807,0
DA:1811,0
DA:1814,0
DA:1818,0
DA:1821,0
DA:1825,0
DA:1828,0
DA:1831,0
DA:1834,0
DA:1837,0
DA:1840,0
DA:1843,0
DA:1846,0
DA:1849,0
DA:1853,0
DA:1857,0
DA:1860,0
DA:1863,0
DA:1866,0
DA:1869,0
DA:1872,0
DA:1875,0
DA:1878,0
DA:1881,0
DA:1884,0
DA:1888,0
DA:1891,0
DA:1894,0
DA:1897,0
DA:1900,0
DA:1903,0
DA:1906,0
DA:1909,0
DA:1912,0
DA:1915,0
DA:1918,0
DA:1921,0
DA:1924,0
DA:1927,0
DA:1930,0
DA:1933,0
DA:1936,0
DA:1939,0
DA:1942,0
DA:1945,0
DA:1948,0
DA:1951,0
DA:1954,0
DA:1957,0
DA:1960,0
DA:1963,0
DA:1966,0
DA:1969,0
DA:1972,0
DA:1975,0
DA:1978,0
DA:1981,0
DA:1984,0
DA:1987,0
DA:1990,0
DA:1993,0
DA:1996,0
DA:1999,0
DA:2002,0
DA:2005,0
DA:2008,0
DA:2011,0
DA:2014,0
DA:2017,0
DA:2020,0
DA:2022,0
DA:2025,0
DA:2028,0
DA:2030,0
DA:2033,0
DA:2035,0
DA:2038,0
DA:2041,0
DA:2044,0
DA:2047,0
DA:2051,0
DA:2054,0
DA:2057,0
DA:2060,0
DA:2063,0
DA:2066,0
DA:2069,0
DA:2072,0
DA:2075,0
DA:2078,0
DA:2081,0
DA:2084,0
DA:2087,0
DA:2090,0
DA:2094,0
DA:2097,0
DA:2100,0
DA:2103,0
DA:2107,0
DA:2110,0
DA:2113,0
DA:2116,0
DA:2119,0
DA:2122,0
DA:2125,0
DA:2128,0
DA:2131,0
DA:2134,0
DA:2137,0
DA:2140,0
DA:2143,0
DA:2146,0
DA:2149,0
DA:2152,0
DA:2155,0
DA:2158,0
DA:2161,0
DA:2164,0
DA:2167,0
DA:2170,0
DA:2173,0
DA:2176,0
DA:2179,0
DA:2182,0
DA:2185,0
DA:2187,0
DA:2190,0
DA:2193,0
DA:2195,0
DA:2198,0
DA:2201,0
DA:2204,0
DA:2207,0
DA:2210,0
DA:2214,0
DA:2216,0
DA:2219,0
DA:2221,0
DA:2224,0
DA:2226,0
DA:2229,0
DA:2231,0
DA:2234,0
DA:2236,0
DA:2239,0
DA:2241,0
DA:2244,0
DA:2246,0
DA:2249,0
DA:2251,0
DA:2254,0
DA:2256,0
DA:2259,0
DA:2263,0
DA:2267,0
DA:2271,0
DA:2275,0
DA:2279,0
DA:2283,0
DA:2287,0
DA:2291,0
DA:2295,0
DA:2299,0
DA:2303,0
DA:2305,0
DA:2308,0
DA:2312,0
DA:2316,0
DA:2320,0
DA:2324,0
DA:2328,0
DA:2332,0
DA:2336,0
DA:2340,0
DA:2344,0
DA:2348,0
DA:2352,0
DA:2356,0
DA:2360,0
DA:2364,0
DA:2368,0
DA:2371,0
DA:2375,0
DA:2378,0
DA:2382,0
DA:2385,0
DA:2389,0
DA:2392,0
DA:2396,0
DA:2398,0
DA:2401,0
DA:2404,0
DA:2407,0
DA:2410,0
DA:2414,0
DA:2417,0
DA:2421,0
DA:2424,0
DA:2428,0
DA:2431,0
DA:2435,0
DA:2438,0
DA:2442,0
DA:2445,0
DA:2449,0
DA:2452,0
DA:2456,0
DA:2459,0
DA:2463,0
DA:2466,0
DA:2470,0
DA:2473,0
DA:2477,0
DA:2480,0
DA:2484,0
DA:2487,0
DA:2491,0
DA:2494,0
DA:2498,0
DA:2501,0
DA:2505,0
DA:2508,0
DA:2512,0
DA:2515,0
DA:2519,0
DA:2522,0
DA:2526,0
DA:2529,0
DA:2533,0
DA:2536,0
DA:2540,0
DA:2543,0
DA:2547,0
DA:2551,0
DA:2555,0
DA:2558,0
DA:2562,0
DA:2565,0
DA:2569,0
DA:2573,0
DA:2577,0
DA:2580,0
DA:2584,0
DA:2587,0
DA:2591,0
DA:2594,0
DA:2598,0
DA:2601,0
DA:2605,0
DA:2608,0
DA:2612,0
DA:2615,0
DA:2619,0
DA:2622,0
DA:2626,0
DA:2629,0
DA:2633,0
DA:2636,0
DA:2640,0
DA:2643,0
DA:2647,0
DA:2650,0
DA:2654,0
DA:2657,0
DA:2661,0
DA:2664,0
DA:2668,0
DA:2671,0
DA:2675,0
DA:2678,0
DA:2682,0
DA:2686,0
DA:2690,0
DA:2693,0
DA:2697,0
DA:2700,0
DA:2704,0
DA:2708,0
DA:2712,0
DA:2716,0
DA:2720,0
DA:2724,0
DA:2728,0
DA:2731,0
DA:2735,0
DA:2738,0
DA:2741,0
DA:2744,0
DA:2747,0
DA:2750,0
DA:2753,0
DA:2756,0
DA:2759,0
DA:2762,0
DA:2765,0
DA:2768,0
DA:2771,0
DA:2774,0
DA:2777,0
DA:2780,0
DA:2783,0
DA:2786,0
DA:2789,0
DA:2792,0
DA:2795,0
DA:2798,0
DA:2801,0
DA:2804,0
DA:2807,0
DA:2810,0
DA:2813,0
DA:2816,0
DA:2819,0
DA:2822,0
DA:2825,0
DA:2828,0
DA:2831,0
DA:2834,0
DA:2837,0
DA:2840,0
DA:2843,0
DA:2846,0
DA:2849,0
DA:2852,0
DA:2855,0
DA:2858,0
DA:2861,0
DA:2864,0
DA:2867,0
DA:2870,0
DA:2873,0
DA:2876,0
DA:2879,0
DA:2882,0
DA:2885,0
DA:2888,0
DA:2892,0
DA:2895,0
DA:2899,0
DA:2902,0
DA:2905,0
DA:2908,0
DA:2911,0
DA:2914,0
DA:2917,0
DA:2920,0
DA:2924,0
DA:2927,0
DA:2931,0
DA:2934,0
DA:2937,0
DA:2940,0
DA:2943,0
DA:2946,0
DA:2949,0
DA:2952,0
DA:2956,0
DA:2960,0
DA:2964,0
DA:2968,0
DA:2972,0
DA:2976,0
DA:2980,0
DA:2983,0
DA:2986,0
DA:2989,0
DA:2992,0
DA:2995,0
DA:2998,0
DA:3001,0
DA:3004,0
DA:3007,0
DA:3010,0
DA:3013,0
DA:3016,0
DA:3019,0
DA:3022,0
DA:3026,0
DA:3030,0
DA:3033,0
DA:3036,0
DA:3039,0
DA:3042,0
DA:3045,0
DA:3048,0
DA:3051,0
DA:3054,0
DA:3057,0
DA:3060,0
DA:3063,0
DA:3066,0
DA:3069,0
DA:3073,0
DA:3076,0
DA:3080,0
DA:3083,0
DA:3086,0
DA:3089,0
DA:3092,0
DA:3095,0
DA:3098,0
DA:3102,0
DA:3106,0
DA:3109,0
DA:3113,0
DA:3116,0
DA:3119,0
DA:3122,0
DA:3125,0
DA:3128,0
DA:3131,0
DA:3134,0
DA:3137,0
DA:3140,0
DA:3143,0
DA:3147,0
DA:3150,0
DA:3153,0
DA:3156,0
DA:3159,0
DA:3162,0
DA:3165,0
DA:3169,0
DA:3172,0
DA:3176,0
DA:3179,0
DA:3183,0
DA:3186,0
DA:3189,0
DA:3192,0
DA:3195,0
DA:3199,0
DA:3202,0
DA:3206,0
DA:3209,0
DA:3213,0
DA:3216,0
DA:3220,0
DA:3223,0
DA:3227,0
DA:3230,0
DA:3234,0
DA:3237,0
DA:3241,0
DA:3244,0
DA:3248,0
DA:3251,0
DA:3255,0
DA:3258,0
DA:3262,0
DA:3265,0
DA:3269,0
DA:3272,0
LF:1010
LH:0
end_of_record
SF:lib/l10n/app_localizations_en.dart
DA:9,2
DA:11,0
DA:14,0
DA:18,0
DA:21,0
DA:24,0
DA:27,0
DA:31,0
DA:34,0
DA:37,0
DA:41,0
DA:44,0
DA:46,0
DA:49,0
DA:52,0
DA:54,0
DA:57,0
DA:61,0
DA:63,0
DA:66,0
DA:69,0
DA:72,0
DA:75,0
DA:78,0
DA:81,0
DA:84,0
DA:88,0
DA:91,0
DA:94,0
DA:97,0
DA:100,0
DA:103,0
DA:106,0
DA:109,0
DA:113,0
DA:116,0
DA:119,0
DA:122,0
DA:125,0
DA:128,0
DA:131,0
DA:135,0
DA:138,0
DA:142,0
DA:145,0
DA:149,0
DA:152,0
DA:156,0
DA:159,0
DA:163,0
DA:166,0
DA:170,0
DA:173,0
DA:177,0
DA:179,0
DA:182,0
DA:185,0
DA:188,0
DA:192,0
DA:196,0
DA:200,0
DA:203,0
DA:206,0
DA:209,0
DA:213,0
DA:216,0
DA:219,0
DA:222,0
DA:225,0
DA:228,0
DA:231,0
DA:235,0
DA:238,0
DA:242,0
DA:246,0
DA:250,0
DA:254,0
DA:258,0
DA:261,0
DA:265,0
DA:268,0
DA:272,0
DA:275,0
DA:278,0
DA:282,0
DA:285,0
DA:289,0
DA:293,0
DA:297,0
DA:300,0
DA:304,0
DA:308,0
DA:312,0
DA:316,0
DA:320,0
DA:323,0
DA:327,0
DA:330,0
DA:334,0
DA:338,0
DA:342,0
DA:346,0
DA:349,0
DA:353,0
DA:356,0
DA:360,0
DA:363,0
DA:367,0
DA:370,0
DA:373,0
DA:377,0
DA:380,0
DA:384,0
DA:387,0
DA:391,0
DA:394,0
DA:398,0
DA:401,0
DA:404,0
DA:407,0
DA:411,0
DA:415,0
DA:419,0
DA:423,0
DA:427,0
DA:430,0
DA:433,0
DA:435,0
DA:438,0
DA:441,0
DA:445,0
DA:447,0
DA:450,0
DA:453,0
DA:457,0
DA:460,0
DA:463,0
DA:466,0
DA:469,0
DA:473,0
DA:476,0
DA:479,0
DA:482,0
DA:485,0
DA:489,0
DA:492,0
DA:495,0
DA:499,0
DA:502,0
DA:505,0
DA:508,0
DA:511,0
DA:514,0
DA:517,0
DA:520,0
DA:523,0
DA:526,0
DA:529,0
DA:532,0
DA:535,0
DA:538,0
DA:541,0
DA:544,0
DA:547,0
DA:550,0
DA:553,0
DA:557,0
DA:561,0
DA:564,1
DA:567,0
DA:570,0
DA:573,0
DA:576,0
DA:579,0
DA:582,1
DA:585,0
DA:588,0
DA:591,0
DA:594,0
DA:597,0
DA:600,0
DA:603,0
DA:606,0
DA:609,0
DA:612,0
DA:615,0
DA:618,0
DA:621,0
DA:624,0
DA:627,0
DA:630,0
DA:633,0
DA:637,0
DA:640,0
DA:643,0
DA:646,0
DA:649,0
DA:652,0
DA:655,0
DA:658,0
DA:661,0
DA:665,0
DA:668,0
DA:671,0
DA:674,0
DA:677,0
DA:680,0
DA:683,0
DA:686,0
DA:689,0
DA:692,0
DA:695,0
DA:698,0
DA:701,0
DA:704,0
DA:708,0
DA:711,0
DA:714,0
DA:717,0
DA:720,0
DA:723,0
DA:726,0
DA:729,0
DA:732,0
DA:735,0
DA:738,0
DA:741,0
DA:744,0
DA:747,0
DA:750,0
DA:753,0
DA:756,0
DA:759,0
DA:762,0
DA:765,0
DA:768,0
DA:771,0
DA:774,0
DA:777,0
DA:780,0
DA:783,0
DA:786,0
DA:789,0
DA:791,0
DA:794,0
DA:796,0
DA:799,0
DA:802,0
DA:805,0
DA:808,0
DA:812,0
DA:815,0
DA:819,0
DA:822,0
DA:825,0
DA:828,0
DA:831,0
DA:835,0
DA:838,0
DA:842,0
DA:845,0
DA:849,0
DA:852,0
DA:856,0
DA:859,0
DA:863,0
DA:867,0
DA:871,0
DA:874,0
DA:876,0
DA:879,0
DA:882,0
DA:885,0
DA:888,0
DA:891,0
DA:894,0
DA:897,0
DA:900,0
DA:903,0
DA:906,0
DA:909,0
DA:912,0
DA:915,0
DA:918,0
DA:921,0
DA:924,0
DA:927,0
DA:930,0
DA:933,0
DA:936,0
DA:939,0
DA:942,0
DA:945,0
DA:948,0
DA:951,0
DA:953,0
DA:956,0
DA:959,0
DA:962,0
DA:965,0
DA:969,0
DA:972,0
DA:975,0
DA:979,0
DA:982,0
DA:985,0
DA:988,0
DA:991,0
DA:994,0
DA:997,0
DA:1000,0
DA:1003,0
DA:1006,0
DA:1009,0
DA:1012,1
DA:1015,0
DA:1018,0
DA:1021,0
DA:1024,0
DA:1026,0
DA:1029,0
DA:1032,0
DA:1035,0
DA:1039,0
DA:1042,0
DA:1046,0
DA:1049,0
DA:1052,0
DA:1055,0
DA:1059,0
DA:1062,0
DA:1066,0
DA:1069,0
DA:1072,0
DA:1076,0
DA:1080,0
DA:1083,0
DA:1087,0
DA:1090,0
DA:1094,0
DA:1097,0
DA:1101,0
DA:1104,0
DA:1108,0
DA:1111,0
DA:1115,0
DA:1118,0
DA:1122,0
DA:1126,0
DA:1130,0
DA:1132,0
DA:1135,0
DA:1138,0
DA:1141,0
DA:1145,0
DA:1149,0
DA:1152,0
DA:1155,0
DA:1159,0
DA:1163,0
DA:1167,0
DA:1171,0
DA:1174,0
DA:1177,0
DA:1180,0
DA:1183,0
DA:1186,0
DA:1189,0
DA:1192,0
DA:1195,0
DA:1198,0
DA:1201,0
DA:1204,0
DA:1208,0
DA:1211,0
DA:1214,0
DA:1217,0
DA:1220,0
DA:1223,0
DA:1226,0
DA:1229,0
DA:1233,0
DA:1236,0
DA:1239,0
DA:1242,0
DA:1245,0
DA:1248,0
DA:1251,0
DA:1254,0
DA:1257,0
DA:1261,0
DA:1264,0
DA:1268,0
DA:1271,0
DA:1275,0
DA:1278,0
DA:1281,0
DA:1283,0
DA:1286,0
DA:1289,0
DA:1292,0
DA:1294,0
DA:1297,0
DA:1300,0
DA:1303,0
DA:1305,0
DA:1308,0
DA:1311,0
DA:1314,1
DA:1317,0
DA:1320,0
DA:1323,0
DA:1326,0
DA:1329,0
DA:1332,0
DA:1335,0
DA:1338,0
DA:1341,0
DA:1344,0
DA:1347,0
DA:1350,0
DA:1353,0
DA:1356,1
DA:1359,1
DA:1363,1
DA:1366,1
DA:1369,0
DA:1372,0
DA:1375,0
DA:1379,0
DA:1382,0
DA:1385,0
DA:1388,0
DA:1391,0
DA:1394,0
DA:1397,0
DA:1400,0
DA:1403,0
DA:1406,0
DA:1409,0
DA:1412,0
DA:1415,0
DA:1418,0
DA:1421,0
DA:1424,0
DA:1427,0
DA:1430,0
DA:1433,0
DA:1436,0
DA:1439,0
DA:1442,0
DA:1446,0
DA:1449,0
DA:1453,0
DA:1456,0
DA:1460,0
DA:1463,0
DA:1467,0
DA:1471,0
DA:1475,0
DA:1479,0
DA:1483,0
DA:1487,0
DA:1490,0
DA:1494,0
DA:1498,0
DA:1501,0
DA:1505,0
DA:1508,0
DA:1512,0
DA:1515,0
DA:1518,0
DA:1521,0
DA:1524,0
DA:1527,0
DA:1530,0
DA:1533,0
DA:1537,0
DA:1540,0
DA:1544,0
DA:1547,0
DA:1551,0
DA:1554,0
DA:1558,0
DA:1561,0
DA:1564,0
DA:1567,0
DA:1570,0
DA:1573,0
DA:1576,0
DA:1580,0
DA:1583,0
DA:1587,0
DA:1590,0
DA:1594,0
DA:1597,0
DA:1601,0
DA:1604,0
DA:1608,0
DA:1611,0
DA:1614,0
DA:1617,0
DA:1621,0
DA:1625,0
DA:1629,0
DA:1633,0
DA:1637,0
DA:1640,0
DA:1643,0
DA:1646,0
DA:1649,0
DA:1652,0
DA:1655,0
DA:1658,0
DA:1662,0
DA:1665,0
DA:1668,0
DA:1672,0
DA:1675,0
DA:1678,0
DA:1681,0
DA:1685,0
DA:1689,0
DA:1693,0
DA:1697,0
DA:1701,0
DA:1705,0
DA:1709,0
DA:1713,0
DA:1716,0
DA:1719,0
DA:1723,0
DA:1726,0
DA:1730,0
DA:1733,0
DA:1737,0
DA:1740,0
DA:1743,0
DA:1746,0
DA:1750,0
DA:1753,0
DA:1757,0
DA:1760,0
DA:1764,0
DA:1767,0
DA:1771,0
DA:1774,0
DA:1777,0
DA:1780,0
DA:1784,0
DA:1787,0
DA:1790,0
DA:1793,0
DA:1796,0
DA:1800,0
DA:1803,0
DA:1807,0
DA:1810,0
DA:1814,0
DA:1817,0
DA:1821,0
DA:1825,0
DA:1829,0
DA:1832,0
DA:1836,0
DA:1839,0
DA:1842,0
DA:1845,0
DA:1848,0
DA:1851,0
DA:1854,0
DA:1858,0
DA:1862,0
DA:1865,0
DA:1868,0
DA:1871,0
DA:1874,0
DA:1877,0
DA:1880,0
DA:1883,0
DA:1886,0
DA:1889,0
DA:1893,0
DA:1896,0
DA:1899,0
DA:1902,0
DA:1905,1
DA:1908,0
DA:1911,0
DA:1914,0
DA:1917,0
DA:1920,0
DA:1923,0
DA:1926,0
DA:1929,0
DA:1932,0
DA:1935,0
DA:1938,0
DA:1941,0
DA:1944,0
DA:1947,0
DA:1950,0
DA:1953,0
DA:1956,0
DA:1959,0
DA:1962,0
DA:1965,0
DA:1968,0
DA:1971,0
DA:1974,0
DA:1977,0
DA:1980,0
DA:1983,0
DA:1986,0
DA:1989,0
DA:1992,0
DA:1995,0
DA:1998,0
DA:2001,0
DA:2004,0
DA:2007,0
DA:2010,0
DA:2013,0
DA:2016,0
DA:2019,0
DA:2022,0
DA:2025,0
DA:2027,0
DA:2030,0
DA:2034,0
DA:2036,0
DA:2039,0
DA:2041,0
DA:2044,0
DA:2047,0
DA:2050,0
DA:2053,0
DA:2057,0
DA:2060,0
DA:2063,0
DA:2066,0
DA:2069,0
DA:2072,0
DA:2075,0
DA:2078,0
DA:2081,0
DA:2084,0
DA:2087,0
DA:2090,0
DA:2093,0
DA:2096,0
DA:2100,0
DA:2103,0
DA:2106,0
DA:2109,0
DA:2113,1
DA:2116,0
DA:2119,0
DA:2122,0
DA:2125,0
DA:2128,0
DA:2131,0
DA:2134,0
DA:2137,0
DA:2140,0
DA:2143,1
DA:2146,0
DA:2149,0
DA:2152,0
DA:2155,0
DA:2158,0
DA:2161,0
DA:2164,0
DA:2167,0
DA:2170,0
DA:2173,0
DA:2176,0
DA:2179,0
DA:2182,0
DA:2185,0
DA:2188,0
DA:2191,0
DA:2193,0
DA:2196,0
DA:2199,0
DA:2201,0
DA:2204,0
DA:2207,0
DA:2210,0
DA:2213,0
DA:2216,0
DA:2220,0
DA:2222,0
DA:2225,0
DA:2227,0
DA:2230,0
DA:2232,0
DA:2235,0
DA:2237,0
DA:2240,0
DA:2242,0
DA:2245,0
DA:2247,0
DA:2250,0
DA:2252,0
DA:2255,0
DA:2257,0
DA:2260,0
DA:2262,0
DA:2265,0
DA:2269,0
DA:2273,0
DA:2277,0
DA:2281,0
DA:2285,0
DA:2289,0
DA:2293,0
DA:2297,0
DA:2301,0
DA:2305,0
DA:2309,0
DA:2311,0
DA:2314,0
DA:2318,0
DA:2322,0
DA:2326,0
DA:2330,0
DA:2334,0
DA:2338,0
DA:2342,0
DA:2346,0
DA:2350,0
DA:2354,0
DA:2358,0
DA:2362,0
DA:2366,0
DA:2370,0
DA:2374,0
DA:2377,0
DA:2381,0
DA:2384,0
DA:2388,0
DA:2391,0
DA:2395,0
DA:2398,0
DA:2402,0
DA:2404,0
DA:2407,0
DA:2410,0
DA:2413,0
DA:2416,0
DA:2420,0
DA:2423,0
DA:2427,0
DA:2430,0
DA:2434,0
DA:2437,0
DA:2441,0
DA:2444,0
DA:2448,0
DA:2451,0
DA:2455,0
DA:2458,0
DA:2462,0
DA:2465,0
DA:2469,0
DA:2472,0
DA:2476,0
DA:2479,0
DA:2483,0
DA:2486,0
DA:2490,0
DA:2493,0
DA:2497,0
DA:2500,0
DA:2504,0
DA:2507,0
DA:2511,0
DA:2515,0
DA:2519,0
DA:2523,0
DA:2527,0
DA:2530,0
DA:2534,0
DA:2537,0
DA:2541,0
DA:2544,0
DA:2548,0
DA:2551,0
DA:2555,0
DA:2559,0
DA:2563,0
DA:2567,0
DA:2571,0
DA:2574,0
DA:2578,0
DA:2581,0
DA:2585,0
DA:2588,0
DA:2592,0
DA:2595,0
DA:2599,0
DA:2602,0
DA:2606,0
DA:2610,0
DA:2614,0
DA:2617,0
DA:2621,0
DA:2624,0
DA:2628,0
DA:2631,0
DA:2635,0
DA:2638,0
DA:2642,0
DA:2645,0
DA:2649,0
DA:2652,0
DA:2656,0
DA:2659,0
DA:2663,0
DA:2666,0
DA:2670,0
DA:2674,0
DA:2678,0
DA:2681,0
DA:2685,0
DA:2688,0
DA:2692,0
DA:2695,0
DA:2699,0
DA:2702,0
DA:2706,0
DA:2709,0
DA:2713,0
DA:2717,0
DA:2721,0
DA:2725,0
DA:2729,0
DA:2733,0
DA:2737,0
DA:2741,0
DA:2745,1
DA:2748,1
DA:2751,1
DA:2754,1
DA:2757,1
DA:2760,0
DA:2763,0
DA:2766,0
DA:2769,0
DA:2772,0
DA:2775,1
DA:2778,0
DA:2781,0
DA:2784,0
DA:2787,0
DA:2790,0
DA:2793,0
DA:2796,0
DA:2799,0
DA:2802,0
DA:2805,0
DA:2808,0
DA:2811,0
DA:2814,0
DA:2817,0
DA:2820,0
DA:2823,0
DA:2826,0
DA:2830,0
DA:2833,0
DA:2836,0
DA:2839,1
DA:2842,0
DA:2845,0
DA:2848,0
DA:2851,0
DA:2854,0
DA:2857,0
DA:2860,0
DA:2863,0
DA:2866,0
DA:2869,0
DA:2872,0
DA:2875,0
DA:2878,0
DA:2881,0
DA:2884,0
DA:2887,0
DA:2891,0
DA:2894,0
DA:2897,0
DA:2901,0
DA:2905,0
DA:2909,0
DA:2913,0
DA:2916,0
DA:2920,1
DA:2923,0
DA:2926,0
DA:2929,0
DA:2932,0
DA:2935,0
DA:2939,0
DA:2942,0
DA:2946,0
DA:2949,0
DA:2952,0
DA:2955,0
DA:2958,0
DA:2962,0
DA:2965,0
DA:2968,0
DA:2972,0
DA:2976,0
DA:2980,0
DA:2984,0
DA:2988,0
DA:2992,0
DA:2996,0
DA:2999,0
DA:3002,0
DA:3005,0
DA:3008,0
DA:3011,0
DA:3014,0
DA:3017,0
DA:3020,0
DA:3023,0
DA:3026,0
DA:3029,0
DA:3032,0
DA:3035,0
DA:3038,0
DA:3042,0
DA:3046,0
DA:3049,0
DA:3052,0
DA:3055,0
DA:3058,0
DA:3061,0
DA:3064,0
DA:3067,0
DA:3071,0
DA:3075,0
DA:3078,0
DA:3081,0
DA:3084,0
DA:3087,0
DA:3091,0
DA:3094,0
DA:3098,1
DA:3101,1
DA:3104,0
DA:3107,0
DA:3110,0
DA:3113,0
DA:3116,0
DA:3120,0
DA:3124,1
DA:3127,1
DA:3131,1
DA:3134,1
DA:3137,1
DA:3140,1
DA:3143,1
DA:3146,1
DA:3149,1
DA:3152,0
DA:3155,1
DA:3158,1
DA:3161,1
DA:3165,0
DA:3168,0
DA:3171,0
DA:3174,0
DA:3177,0
DA:3180,0
DA:3183,0
DA:3187,0
DA:3190,0
DA:3194,0
DA:3197,0
DA:3201,0
DA:3204,0
DA:3207,0
DA:3210,0
DA:3213,0
DA:3217,0
DA:3221,0
DA:3225,0
DA:3228,0
DA:3232,0
DA:3235,0
DA:3239,0
DA:3242,0
DA:3246,0
DA:3249,0
DA:3253,0
DA:3256,0
DA:3260,0
DA:3263,0
DA:3267,0
DA:3270,0
DA:3274,0
DA:3277,0
DA:3281,0
DA:3284,0
DA:3288,0
DA:3292,0
LF:1010
LH:34
end_of_record
SF:lib/shared/widgets/analytics/analytics_card_shell.dart
DA:27,1
DA:71,1
DA:73,1
DA:75,1
DA:78,1
DA:79,1
DA:80,3
DA:82,1
DA:87,1
DA:88,1
DA:89,1
DA:90,1
DA:92,1
DA:94,2
DA:95,0
DA:96,0
DA:97,0
DA:98,0
DA:100,2
DA:103,1
DA:104,1
DA:106,1
DA:108,1
DA:109,1
DA:110,3
DA:112,2
DA:119,2
DA:125,3
DA:127,1
DA:128,1
DA:129,1
DA:130,1
DA:131,1
DA:132,1
DA:141,3
DA:143,1
DA:144,1
DA:145,1
DA:146,1
DA:147,1
DA:158,0
DA:168,0
DA:170,0
DA:171,0
DA:173,0
DA:174,0
DA:175,0
DA:176,0
DA:178,0
DA:182,0
DA:185,0
DA:186,0
DA:196,1
DA:208,1
DA:210,1
DA:211,1
DA:213,3
DA:214,2
DA:215,1
DA:216,0
DA:217,1
DA:218,1
DA:223,1
DA:224,2
DA:225,3
DA:228,2
DA:229,2
DA:234,1
DA:240,1
DA:252,1
DA:254,1
DA:255,1
DA:257,3
DA:258,2
DA:259,1
DA:260,0
DA:261,1
DA:262,1
DA:267,1
DA:268,2
DA:269,3
DA:272,2
DA:273,2
DA:278,1
LF:84
LH:66
end_of_record
SF:lib/shared/widgets/analytics/chart_card.dart
DA:15,1
DA:28,1
DA:29,1
DA:35,1
DA:37,1
DA:38,5
DA:40,1
DA:41,4
DA:42,2
DA:43,2
DA:44,2
DA:46,1
DA:47,0
DA:48,2
DA:49,1
DA:50,0
DA:51,1
DA:58,4
DA:59,1
DA:61,1
DA:63,0
DA:65,0
DA:71,1
DA:73,1
DA:74,0
DA:75,1
DA:76,0
DA:77,1
DA:78,1
DA:79,0
DA:80,0
DA:81,0
DA:82,0
DA:83,0
DA:84,0
DA:85,0
DA:86,0
DA:87,0
DA:88,0
DA:89,0
DA:90,0
DA:91,0
DA:92,0
DA:93,0
DA:94,0
DA:95,0
DA:96,0
DA:97,0
DA:98,0
DA:99,0
DA:100,0
DA:101,0
DA:102,0
DA:103,0
DA:104,0
DA:105,0
DA:106,0
DA:107,0
DA:108,0
DA:109,0
DA:110,0
DA:111,0
DA:112,0
DA:113,0
DA:114,0
DA:115,0
DA:116,0
DA:117,0
DA:118,0
DA:119,0
DA:120,0
DA:121,0
DA:122,0
DA:123,0
DA:124,0
DA:128,1
DA:130,1
DA:131,1
DA:132,1
DA:133,1
DA:134,1
DA:135,1
DA:141,1
DA:146,1
DA:148,1
DA:149,2
DA:150,2
DA:152,5
DA:154,0
DA:155,2
DA:156,4
DA:157,1
DA:159,5
DA:161,1
DA:162,1
DA:164,1
DA:165,1
DA:166,1
DA:168,2
DA:171,1
DA:172,1
DA:188,1
DA:189,1
DA:190,1
DA:197,1
DA:199,1
DA:204,2
DA:211,0
DA:216,0
DA:218,0
DA:219,0
DA:220,0
DA:223,0
DA:224,0
DA:225,0
DA:227,0
DA:228,0
DA:229,0
DA:238,0
DA:240,0
DA:242,0
DA:244,0
DA:245,0
DA:247,0
DA:248,0
DA:249,0
DA:251,0
DA:254,0
DA:255,0
DA:271,0
DA:274,0
DA:281,1
DA:295,1
DA:297,3
DA:299,4
DA:301,2
DA:302,1
DA:305,1
DA:306,1
DA:308,2
DA:309,0
DA:310,0
DA:311,0
DA:312,0
DA:313,0
DA:315,0
DA:316,0
DA:317,0
DA:318,0
DA:324,1
DA:325,1
DA:326,1
DA:328,3
LF:153
LH:67
end_of_record
SF:lib/shared/widgets/analytics/ranked_list_card.dart
DA:15,1
DA:28,1
DA:29,1
DA:35,1
DA:37,1
DA:38,1
DA:39,5
DA:41,1
DA:42,4
DA:43,2
DA:44,2
DA:45,2
DA:47,1
DA:48,0
DA:49,2
DA:51,1
DA:52,0
DA:53,1
DA:55,1
DA:56,0
DA:57,1
DA:58,1
DA:59,1
DA:60,0
DA:63,1
DA:64,2
DA:65,2
DA:67,1
DA:68,2
DA:69,3
DA:75,1
DA:76,1
DA:79,2
DA:81,1
DA:82,2
DA:83,3
DA:85,2
DA:94,0
DA:99,0
DA:101,0
DA:102,0
DA:103,0
DA:105,0
DA:107,0
DA:108,0
DA:110,0
DA:112,0
DA:113,0
DA:117,1
DA:119,1
DA:120,1
DA:121,0
DA:122,0
DA:123,0
DA:124,0
DA:125,0
DA:126,0
DA:130,1
DA:132,1
DA:133,1
DA:134,1
DA:135,1
DA:136,1
DA:137,1
DA:138,1
DA:139,1
LF:66
LH:45
end_of_record
